<?xml version="1.0" encoding="UTF-8" ?>
<testsuite tests="1" failures="0" name="testpom.testpom.AppTest" time="0.002" errors="0" skipped="0">
  <properties>
    <property name="java.vendor" value="Oracle Corporation"/>
    <property name="JOB_NAME" value="TEST MAVEN"/>
    <property name="PWD" value="/opt/apache-tomcat-8.5.32/bin"/>
    <property name="JDK_JAVA_OPTIONS" value=" --add-opens=java.base/java.lang=ALL-UNNAMED --add-opens=java.base/java.io=ALL-UNNAMED --add-opens=java.rmi/sun.rmi.transport=ALL-UNNAMED"/>
    <property name="sun.java.launcher" value="SUN_STANDARD"/>
    <property name="sun.management.compiler" value="HotSpot 64-Bit Tiered Compilers"/>
    <property name="JENKINS_HOME" value="/root/.jenkins"/>
    <property name="PATH" value="/opt/jdk1.8.0_131//bin:/usr/local/sbin:/usr/local/bin:/usr/sbin:/usr/bin:/root/bin:/opt/apache-maven-3.5.4:/opt/jdk1.8.0_131/bin/:/opt/apache-maven-3.5.4/bin/"/>
    <property name="HUDSON_SERVER_COOKIE" value="2ca0d8136266c5d4"/>
    <property name="POM_ARTIFACTID" value="testpom"/>
    <property name="os.name" value="Linux"/>
    <property name="sun.boot.class.path" value="/opt/jdk1.8.0_131/jre/lib/resources.jar:/opt/jdk1.8.0_131/jre/lib/rt.jar:/opt/jdk1.8.0_131/jre/lib/sunrsasign.jar:/opt/jdk1.8.0_131/jre/lib/jsse.jar:/opt/jdk1.8.0_131/jre/lib/jce.jar:/opt/jdk1.8.0_131/jre/lib/charsets.jar:/opt/jdk1.8.0_131/jre/lib/jfr.jar:/opt/jdk1.8.0_131/jre/classes"/>
    <property name="EXECUTOR_NUMBER" value="0"/>
    <property name="java.vm.specification.vendor" value="Oracle Corporation"/>
    <property name="POM_DISPLAYNAME" value="testpom"/>
    <property name="XDG_RUNTIME_DIR" value="/run/user/0"/>
    <property name="NODE_LABELS" value="master"/>
    <property name="java.runtime.version" value="1.8.0_131-b11"/>
    <property name="user.name" value="root"/>
    <property name="SSH_CONNECTION" value="116.75.91.155 58430 172.31.31.23 22"/>
    <property name="HISTCONTROL" value="ignoredups"/>
    <property name="guice.disable.misplaced.annotation.check" value="true"/>
    <property name="SSH_CLIENT" value="116.75.91.155 58430 22"/>
    <property name="user.language" value="en"/>
    <property name="JOB_BASE_NAME" value="TEST MAVEN"/>
    <property name="RUN_CHANGES_DISPLAY_URL" value="http://13.232.186.57:8080/jenkins/job/TEST%20MAVEN/6/display/redirect?page=changes"/>
    <property name="BUILD_DISPLAY_NAME" value="#6"/>
    <property name="sun.boot.library.path" value="/opt/jdk1.8.0_131/jre/lib/amd64"/>
    <property name="java.version" value="1.8.0_131"/>
    <property name="user.timezone" value="UTC"/>
    <property name="SELINUX_ROLE_REQUESTED" value=""/>
    <property name="sun.arch.data.model" value="64"/>
    <property name="NODE_NAME" value="master"/>
    <property name="TERM" value="xterm"/>
    <property name="SSH_TTY" value="/dev/pts/1"/>
    <property name="NLSPATH" value="/usr/dt/lib/nls/msg/%L/%N.cat"/>
    <property name="java.endorsed.dirs" value="/opt/jdk1.8.0_131/jre/lib/endorsed"/>
    <property name="BUILD_ID" value="6"/>
    <property name="sun.cpu.isalist" value=""/>
    <property name="sun.jnu.encoding" value="UTF-8"/>
    <property name="file.encoding.pkg" value="sun.io"/>
    <property name="SHELL" value="/bin/bash"/>
    <property name="file.separator" value="/"/>
    <property name="java.specification.name" value="Java Platform API Specification"/>
    <property name="maven.conf" value="/opt/apache-maven-3.5.4/conf"/>
    <property name="java.class.version" value="52.0"/>
    <property name="org.slf4j.simpleLogger.defaultLogLevel" value="info"/>
    <property name="user.country" value="US"/>
    <property name="securerandom.source" value="file:/dev/./urandom"/>
    <property name="java.home" value="/opt/jdk1.8.0_131/jre"/>
    <property name="java.vm.info" value="mixed mode"/>
    <property name="LESSOPEN" value="||/usr/bin/lesspipe.sh %s"/>
    <property name="os.version" value="3.10.0-862.el7.x86_64"/>
    <property name="RUN_DISPLAY_URL" value="http://13.232.186.57:8080/jenkins/job/TEST%20MAVEN/6/display/redirect"/>
    <property name="POM_VERSION" value="0.0.1-SNAPSHOT"/>
    <property name="sun.font.fontmanager" value="sun.awt.X11FontManager"/>
    <property name="path.separator" value=":"/>
    <property name="java.vm.version" value="25.131-b11"/>
    <property name="JOB_DISPLAY_URL" value="http://13.232.186.57:8080/jenkins/job/TEST%20MAVEN/display/redirect"/>
    <property name="SHLVL" value="2"/>
    <property name="SELINUX_USE_CURRENT_RANGE" value=""/>
    <property name="_" value="/opt/jdk1.8.0_131//bin/java"/>
    <property name="java.awt.printerjob" value="sun.print.PSPrinterJob"/>
    <property name="JAVA_HOME" value="/opt/jdk1.8.0_131/"/>
    <property name="sun.io.unicode.encoding" value="UnicodeLittle"/>
    <property name="awt.toolkit" value="sun.awt.X11.XToolkit"/>
    <property name="LOGNAME" value="root"/>
    <property name="POM_PACKAGING" value="jar"/>
    <property name="HOME" value="/root"/>
    <property name="POM_GROUPID" value="testpom"/>
    <property name="user.home" value="/root"/>
    <property name="BUILD_TAG" value="jenkins-TEST MAVEN-6"/>
    <property name="JENKINS_SERVER_COOKIE" value="2ca0d8136266c5d4"/>
    <property name="HUDSON_URL" value="http://13.232.186.57:8080/jenkins/"/>
    <property name="java.specification.vendor" value="Oracle Corporation"/>
    <property name="XDG_SESSION_ID" value="40"/>
    <property name="CLASSPATH" value=""/>
    <property name="java.vendor.url" value="http://java.oracle.com/"/>
    <property name="java.library.path" value="/usr/java/packages/lib/amd64:/usr/lib64:/lib64:/lib:/usr/lib"/>
    <property name="java.vm.vendor" value="Oracle Corporation"/>
    <property name="SELINUX_LEVEL_REQUESTED" value=""/>
    <property name="HISTSIZE" value="1000"/>
    <property name="java.runtime.name" value="Java(TM) SE Runtime Environment"/>
    <property name="maven.home" value="/opt/apache-maven-3.5.4"/>
    <property name="java.class.path" value="/root/.jenkins/plugins/maven-plugin/WEB-INF/lib/maven35-agent-1.12-alpha-1.jar:/opt/apache-maven-3.5.4/boot/plexus-classworlds-2.5.2.jar:/opt/apache-maven-3.5.4/conf/logging"/>
    <property name="sun.java.command" value="jenkins.maven3.agent.Maven35Main /opt/apache-maven-3.5.4/ /opt/apache-tomcat-8.5.32/webapps/jenkins/WEB-INF/lib/remoting-3.21.1.jar /root/.jenkins/plugins/maven-plugin/WEB-INF/lib/maven35-interceptor-1.12-alpha-1.jar /root/.jenkins/plugins/maven-plugin/WEB-INF/lib/maven3-interceptor-commons-1.12-alpha-1.jar 36708"/>
    <property name="java.vm.specification.name" value="Java Virtual Machine Specification"/>
    <property name="PATH+JDK" value="/opt/jdk1.8.0_131//bin"/>
    <property name="java.vm.specification.version" value="1.8"/>
    <property name="sun.os.patch.level" value="unknown"/>
    <property name="sun.cpu.endian" value="little"/>
    <property name="M2_HOME" value="/opt/apache-maven-3.5.4/"/>
    <property name="MAIL" value="/var/spool/mail/root"/>
    <property name="java.io.tmpdir" value="/tmp"/>
    <property name="HOSTNAME" value="ip-172-31-31-23.ap-south-1.compute.internal"/>
    <property name="HUDSON_HOME" value="/root/.jenkins"/>
    <property name="PATH+MAVEN" value="/opt/apache-maven-3.5.4//bin"/>
    <property name="BUILD_URL" value="http://13.232.186.57:8080/jenkins/job/TEST%20MAVEN/6/"/>
    <property name="java.vendor.url.bug" value="http://bugreport.sun.com/bugreport/"/>
    <property name="LS_COLORS" value="rs=0:di=01;34:ln=01;36:mh=00:pi=40;33:so=01;35:do=01;35:bd=40;33;01:cd=40;33;01:or=40;31;01:mi=01;05;37;41:su=37;41:sg=30;43:ca=30;41:tw=30;42:ow=34;42:st=37;44:ex=01;32:*.tar=01;31:*.tgz=01;31:*.arc=01;31:*.arj=01;31:*.taz=01;31:*.lha=01;31:*.lz4=01;31:*.lzh=01;31:*.lzma=01;31:*.tlz=01;31:*.txz=01;31:*.tzo=01;31:*.t7z=01;31:*.zip=01;31:*.z=01;31:*.Z=01;31:*.dz=01;31:*.gz=01;31:*.lrz=01;31:*.lz=01;31:*.lzo=01;31:*.xz=01;31:*.bz2=01;31:*.bz=01;31:*.tbz=01;31:*.tbz2=01;31:*.tz=01;31:*.deb=01;31:*.rpm=01;31:*.jar=01;31:*.war=01;31:*.ear=01;31:*.sar=01;31:*.rar=01;31:*.alz=01;31:*.ace=01;31:*.zoo=01;31:*.cpio=01;31:*.7z=01;31:*.rz=01;31:*.cab=01;31:*.jpg=01;35:*.jpeg=01;35:*.gif=01;35:*.bmp=01;35:*.pbm=01;35:*.pgm=01;35:*.ppm=01;35:*.tga=01;35:*.xbm=01;35:*.xpm=01;35:*.tif=01;35:*.tiff=01;35:*.png=01;35:*.svg=01;35:*.svgz=01;35:*.mng=01;35:*.pcx=01;35:*.mov=01;35:*.mpg=01;35:*.mpeg=01;35:*.m2v=01;35:*.mkv=01;35:*.webm=01;35:*.ogm=01;35:*.mp4=01;35:*.m4v=01;35:*.mp4v=01;35:*.vob=01;35:*.qt=01;35:*.nuv=01;35:*.wmv=01;35:*.asf=01;35:*.rm=01;35:*.rmvb=01;35:*.flc=01;35:*.avi=01;35:*.fli=01;35:*.flv=01;35:*.gl=01;35:*.dl=01;35:*.xcf=01;35:*.xwd=01;35:*.yuv=01;35:*.cgm=01;35:*.emf=01;35:*.axv=01;35:*.anx=01;35:*.ogv=01;35:*.ogx=01;35:*.aac=01;36:*.au=01;36:*.flac=01;36:*.mid=01;36:*.midi=01;36:*.mka=01;36:*.mp3=01;36:*.mpc=01;36:*.ogg=01;36:*.ra=01;36:*.wav=01;36:*.axa=01;36:*.oga=01;36:*.spx=01;36:*.xspf=01;36:"/>
    <property name="java.awt.graphicsenv" value="sun.awt.X11GraphicsEnvironment"/>
    <property name="os.arch" value="amd64"/>
    <property name="java.ext.dirs" value="/opt/jdk1.8.0_131/jre/lib/ext:/usr/java/packages/lib/ext"/>
    <property name="user.dir" value="/chethan_code/testpom"/>
    <property name="JOB_URL" value="http://13.232.186.57:8080/jenkins/job/TEST%20MAVEN/"/>
    <property name="line.separator" value="
"/>
    <property name="MAVEN_HOME" value="/opt/apache-maven-3.5.4/"/>
    <property name="java.vm.name" value="Java HotSpot(TM) 64-Bit Server VM"/>
    <property name="BUILD_NUMBER" value="6"/>
    <property name="JENKINS_URL" value="http://13.232.186.57:8080/jenkins/"/>
    <property name="file.encoding" value="UTF-8"/>
    <property name="LANG" value="en_US.UTF-8"/>
    <property name="maven3.interceptor" value="/root/.jenkins/plugins/maven-plugin/WEB-INF/lib/maven35-interceptor-1.12-alpha-1.jar"/>
    <property name="WORKSPACE" value="/root/.jenkins/workspace/TEST MAVEN"/>
    <property name="maven3.interceptor.common" value="/root/.jenkins/plugins/maven-plugin/WEB-INF/lib/maven3-interceptor-commons-1.12-alpha-1.jar"/>
    <property name="java.specification.version" value="1.8"/>
    <property name="USER" value="root"/>
    <property name="XFILESEARCHPATH" value="/usr/dt/app-defaults/%L/Dt"/>
  </properties>
  <testcase classname="testpom.testpom.AppTest" name="testApp" time="0.002"/>
</testsuite>